# JRE version: OpenJDK Runtime Environment Temurin-21.0.9+10 (21.0.9+10) (build 21.0.9+10-LTS)
# Java VM: OpenJDK 64-Bit Server VM Temurin-21.0.9+10 (21.0.9+10-LTS, mixed mode, sharing, tiered, compressed oops, compressed class ptrs, parallel gc, windows-amd64)
GC Precious Log:
 CardTable entry size: 512
 CPUs: 16 total, 16 available
 Memory: 15709M
 Large Page Support: Disabled
 NUMA Support: Disabled
 Compressed Oops: Enabled (32-bit)
 Alignments: Space 512K, Generation 512K, Heap 2M
 Heap Min Capacity: 100M
 Heap Initial Capacity: 100M
 Heap Max Capacity: 2G
 Pre-touch: Disabled
 Parallel Workers: 13
Heap:
 PSYoungGen      total 4096K, used 3398K [0x00000000d5580000, 0x00000000d5e80000, 0x0000000100000000)
  eden space 3584K, 85% used [0x00000000d5580000,0x00000000d5881b50,0x00000000d5900000)
  from space 512K, 62% used [0x00000000d5e00000,0x00000000d5e50000,0x00000000d5e80000)
  to   space 512K, 0% used [0x00000000d5d80000,0x00000000d5d80000,0x00000000d5e00000)
 ParOldGen       total 1247232K, used 1247187K [0x0000000080000000, 0x00000000cc200000, 0x00000000d5580000)
  object space 1247232K, 99% used [0x0000000080000000,0x00000000cc1f4e58,0x00000000cc200000)
 Metaspace       used 97722K, committed 99712K, reserved 1179648K
  class space    used 9883K, committed 10752K, reserved 1048576K
GC Heap History (20 events):
Event: 17167.758 GC heap before
{Heap before GC invocations=2857 (full 5):
 PSYoungGen      total 10752K, used 10272K [0x00000000d5580000, 0x00000000d6280000, 0x0000000100000000)
  eden space 9728K, 99% used [0x00000000d5580000,0x00000000d5effff8,0x00000000d5f00000)
  from space 1024K, 53% used [0x00000000d6180000,0x00000000d6208040,0x00000000d6280000)
  to   space 1024K, 0% used [0x00000000d6080000,0x00000000d6080000,0x00000000d6180000)
 ParOldGen       total 1239040K, used 1238719K [0x0000000080000000, 0x00000000cba00000, 0x00000000d5580000)
  object space 1239040K, 99% used [0x0000000080000000,0x00000000cb9afcd0,0x00000000cba00000)
 Metaspace       used 97667K, committed 99584K, reserved 1179648K
  class space    used 9882K, committed 10752K, reserved 1048576K
}
Event: 17167.762 GC heap after
{Heap after GC invocations=2857 (full 5):
 PSYoungGen      total 10752K, used 890K [0x00000000d5580000, 0x00000000d6200000, 0x0000000100000000)
  eden space 9728K, 0% used [0x00000000d5580000,0x00000000d5580000,0x00000000d5f00000)
  from space 1024K, 86% used [0x00000000d6080000,0x00000000d615e900,0x00000000d6180000)
  to   space 512K, 0% used [0x00000000d6180000,0x00000000d6180000,0x00000000d6200000)
 ParOldGen       total 1239040K, used 1238951K [0x0000000080000000, 0x00000000cba00000, 0x00000000d5580000)
  object space 1239040K, 99% used [0x0000000080000000,0x00000000cb9e9d10,0x00000000cba00000)
 Metaspace       used 97667K, committed 99584K, reserved 1179648K
  class space    used 9882K, committed 10752K, reserved 1048576K
}
Event: 17167.794 GC heap before
{Heap before GC invocations=2858 (full 5):
 PSYoungGen      total 10752K, used 10618K [0x00000000d5580000, 0x00000000d6200000, 0x0000000100000000)
  eden space 9728K, 100% used [0x00000000d5580000,0x00000000d5f00000,0x00000000d5f00000)
  from space 1024K, 86% used [0x00000000d6080000,0x00000000d615e900,0x00000000d6180000)
  to   space 512K, 0% used [0x00000000d6180000,0x00000000d6180000,0x00000000d6200000)
 ParOldGen       total 1239040K, used 1238951K [0x0000000080000000, 0x00000000cba00000, 0x00000000d5580000)
  object space 1239040K, 99% used [0x0000000080000000,0x00000000cb9e9d10,0x00000000cba00000)
 Metaspace       used 97667K, committed 99584K, reserved 1179648K
  class space    used 9882K, committed 10752K, reserved 1048576K
}
Event: 17167.798 GC heap after
{Heap after GC invocations=2858 (full 5):
 PSYoungGen      total 10240K, used 512K [0x00000000d5580000, 0x00000000d6400000, 0x0000000100000000)
  eden space 9728K, 0% used [0x00000000d5580000,0x00000000d5580000,0x00000000d5f00000)
  from space 512K, 100% used [0x00000000d6180000,0x00000000d6200000,0x00000000d6200000)
  to   space 2560K, 0% used [0x00000000d5f00000,0x00000000d5f00000,0x00000000d6180000)
 ParOldGen       total 1240576K, used 1240371K [0x0000000080000000, 0x00000000cbb80000, 0x00000000d5580000)
  object space 1240576K, 99% used [0x0000000080000000,0x00000000cbb4cc60,0x00000000cbb80000)
 Metaspace       used 97667K, committed 99584K, reserved 1179648K
  class space    used 9882K, committed 10752K, reserved 1048576K
}
Event: 17457.130 GC heap before
{Heap before GC invocations=2859 (full 5):
 PSYoungGen      total 10240K, used 10150K [0x00000000d5580000, 0x00000000d6400000, 0x0000000100000000)
  eden space 9728K, 99% used [0x00000000d5580000,0x00000000d5ee9a68,0x00000000d5f00000)
  from space 512K, 100% used [0x00000000d6180000,0x00000000d6200000,0x00000000d6200000)
  to   space 2560K, 0% used [0x00000000d5f00000,0x00000000d5f00000,0x00000000d6180000)
 ParOldGen       total 1240576K, used 1240371K [0x0000000080000000, 0x00000000cbb80000, 0x00000000d5580000)
  object space 1240576K, 99% used [0x0000000080000000,0x00000000cbb4cc60,0x00000000cbb80000)
 Metaspace       used 97692K, committed 99584K, reserved 1179648K
  class space    used 9883K, committed 10752K, reserved 1048576K
}
Event: 17457.168 GC heap after
{Heap after GC invocations=2859 (full 5):
 PSYoungGen      total 10752K, used 855K [0x00000000d5580000, 0x00000000d6200000, 0x0000000100000000)
  eden space 9728K, 0% used [0x00000000d5580000,0x00000000d5580000,0x00000000d5f00000)
  from space 1024K, 83% used [0x00000000d5f00000,0x00000000d5fd5e10,0x00000000d6000000)
  to   space 1536K, 0% used [0x00000000d6080000,0x00000000d6080000,0x00000000d6200000)
 ParOldGen       total 1241088K, used 1240902K [0x0000000080000000, 0x00000000cbc00000, 0x00000000d5580000)
  object space 1241088K, 99% used [0x0000000080000000,0x00000000cbbd1980,0x00000000cbc00000)
 Metaspace       used 97692K, committed 99584K, reserved 1179648K
  class space    used 9883K, committed 10752K, reserved 1048576K
}
Event: 17458.182 GC heap before
{Heap before GC invocations=2860 (full 5):
 PSYoungGen      total 10752K, used 10583K [0x00000000d5580000, 0x00000000d6200000, 0x0000000100000000)
  eden space 9728K, 100% used [0x00000000d5580000,0x00000000d5f00000,0x00000000d5f00000)
  from space 1024K, 83% used [0x00000000d5f00000,0x00000000d5fd5e10,0x00000000d6000000)
  to   space 1536K, 0% used [0x00000000d6080000,0x00000000d6080000,0x00000000d6200000)
 ParOldGen       total 1241088K, used 1240902K [0x0000000080000000, 0x00000000cbc00000, 0x00000000d5580000)
  object space 1241088K, 99% used [0x0000000080000000,0x00000000cbbd1980,0x00000000cbc00000)
 Metaspace       used 97692K, committed 99584K, reserved 1179648K
  class space    used 9883K, committed 10752K, reserved 1048576K
}
Event: 17458.206 GC heap after
{Heap after GC invocations=2860 (full 5):
 PSYoungGen      total 5120K, used 1530K [0x00000000d5580000, 0x00000000d6e00000, 0x0000000100000000)
  eden space 3584K, 0% used [0x00000000d5580000,0x00000000d5580000,0x00000000d5900000)
  from space 1536K, 99% used [0x00000000d6080000,0x00000000d61feb40,0x00000000d6200000)
  to   space 7680K, 0% used [0x00000000d5900000,0x00000000d5900000,0x00000000d6080000)
 ParOldGen       total 1246208K, used 1245862K [0x0000000080000000, 0x00000000cc100000, 0x00000000d5580000)
  object space 1246208K, 99% used [0x0000000080000000,0x00000000cc0a9810,0x00000000cc100000)
 Metaspace       used 97692K, committed 99584K, reserved 1179648K
  class space    used 9883K, committed 10752K, reserved 1048576K
}
Event: 17458.409 GC heap before
{Heap before GC invocations=2861 (full 5):
 PSYoungGen      total 5120K, used 5114K [0x00000000d5580000, 0x00000000d6e00000, 0x0000000100000000)
  eden space 3584K, 100% used [0x00000000d5580000,0x00000000d5900000,0x00000000d5900000)
  from space 1536K, 99% used [0x00000000d6080000,0x00000000d61feb40,0x00000000d6200000)
  to   space 7680K, 0% used [0x00000000d5900000,0x00000000d5900000,0x00000000d6080000)
 ParOldGen       total 1246208K, used 1245862K [0x0000000080000000, 0x00000000cc100000, 0x00000000d5580000)
  object space 1246208K, 99% used [0x0000000080000000,0x00000000cc0a9810,0x00000000cc100000)
 Metaspace       used 97692K, committed 99584K, reserved 1179648K
  class space    used 9883K, committed 10752K, reserved 1048576K
}
Event: 17458.429 GC heap after
{Heap after GC invocations=2861 (full 5):
 PSYoungGen      total 4608K, used 800K [0x00000000d5580000, 0x00000000d6100000, 0x0000000100000000)
  eden space 3584K, 0% used [0x00000000d5580000,0x00000000d5580000,0x00000000d5900000)
  from space 1024K, 78% used [0x00000000d5900000,0x00000000d59c8000,0x00000000d5a00000)
  to   space 3072K, 0% used [0x00000000d5e00000,0x00000000d5e00000,0x00000000d6100000)
 ParOldGen       total 1246720K, used 1246342K [0x0000000080000000, 0x00000000cc180000, 0x00000000d5580000)
  object space 1246720K, 99% used [0x0000000080000000,0x00000000cc121810,0x00000000cc180000)
 Metaspace       used 97692K, committed 99584K, reserved 1179648K
  class space    used 9883K, committed 10752K, reserved 1048576K
}
Event: 19947.037 GC heap before
{Heap before GC invocations=2862 (full 5):
 PSYoungGen      total 4608K, used 4384K [0x00000000d5580000, 0x00000000d6100000, 0x0000000100000000)
  eden space 3584K, 100% used [0x00000000d5580000,0x00000000d5900000,0x00000000d5900000)
  from space 1024K, 78% used [0x00000000d5900000,0x00000000d59c8000,0x00000000d5a00000)
  to   space 3072K, 0% used [0x00000000d5e00000,0x00000000d5e00000,0x00000000d6100000)
 ParOldGen       total 1246720K, used 1246342K [0x0000000080000000, 0x00000000cc180000, 0x00000000d5580000)
  object space 1246720K, 99% used [0x0000000080000000,0x00000000cc121810,0x00000000cc180000)
 Metaspace       used 97708K, committed 99648K, reserved 1179648K
  class space    used 9883K, committed 10752K, reserved 1048576K
}
Event: 19947.139 GC heap after
{Heap after GC invocations=2862 (full 5):
 PSYoungGen      total 4096K, used 436K [0x00000000d5580000, 0x00000000d5e80000, 0x0000000100000000)
  eden space 3584K, 0% used [0x00000000d5580000,0x00000000d5580000,0x00000000d5900000)
  from space 512K, 85% used [0x00000000d5e00000,0x00000000d5e6d220,0x00000000d5e80000)
  to   space 1024K, 0% used [0x00000000d5c80000,0x00000000d5c80000,0x00000000d5d80000)
 ParOldGen       total 1247232K, used 1246939K [0x0000000080000000, 0x00000000cc200000, 0x00000000d5580000)
  object space 1247232K, 99% used [0x0000000080000000,0x00000000cc1b6e38,0x00000000cc200000)
 Metaspace       used 97708K, committed 99648K, reserved 1179648K
  class space    used 9883K, committed 10752K, reserved 1048576K
}
Event: 19956.483 GC heap before
{Heap before GC invocations=2863 (full 5):
 PSYoungGen      total 4096K, used 4020K [0x00000000d5580000, 0x00000000d5e80000, 0x0000000100000000)
  eden space 3584K, 100% used [0x00000000d5580000,0x00000000d5900000,0x00000000d5900000)
  from space 512K, 85% used [0x00000000d5e00000,0x00000000d5e6d220,0x00000000d5e80000)
  to   space 1024K, 0% used [0x00000000d5c80000,0x00000000d5c80000,0x00000000d5d80000)
 ParOldGen       total 1247232K, used 1246939K [0x0000000080000000, 0x00000000cc200000, 0x00000000d5580000)
  object space 1247232K, 99% used [0x0000000080000000,0x00000000cc1b6e38,0x00000000cc200000)
 Metaspace       used 97708K, committed 99648K, reserved 1179648K
  class space    used 9883K, committed 10752K, reserved 1048576K
}
Event: 19956.491 GC heap after
{Heap after GC invocations=2863 (full 5):
 PSYoungGen      total 4608K, used 288K [0x00000000d5580000, 0x00000000d5e80000, 0x0000000100000000)
  eden space 3584K, 0% used [0x00000000d5580000,0x00000000d5580000,0x00000000d5900000)
  from space 1024K, 28% used [0x00000000d5c80000,0x00000000d5cc8000,0x00000000d5d80000)
  to   space 512K, 0% used [0x00000000d5e00000,0x00000000d5e00000,0x00000000d5e80000)
 ParOldGen       total 1247232K, used 1247067K [0x0000000080000000, 0x00000000cc200000, 0x00000000d5580000)
  object space 1247232K, 99% used [0x0000000080000000,0x00000000cc1d6e58,0x00000000cc200000)
 Metaspace       used 97708K, committed 99648K, reserved 1179648K
  class space    used 9883K, committed 10752K, reserved 1048576K
}
Event: 19960.021 GC heap before
{Heap before GC invocations=2864 (full 5):
 PSYoungGen      total 4608K, used 3872K [0x00000000d5580000, 0x00000000d5e80000, 0x0000000100000000)
  eden space 3584K, 100% used [0x00000000d5580000,0x00000000d5900000,0x00000000d5900000)
  from space 1024K, 28% used [0x00000000d5c80000,0x00000000d5cc8000,0x00000000d5d80000)
  to   space 512K, 0% used [0x00000000d5e00000,0x00000000d5e00000,0x00000000d5e80000)
 ParOldGen       total 1247232K, used 1247067K [0x0000000080000000, 0x00000000cc200000, 0x00000000d5580000)
  object space 1247232K, 99% used [0x0000000080000000,0x00000000cc1d6e58,0x00000000cc200000)
 Metaspace       used 97709K, committed 99648K, reserved 1179648K
  class space    used 9883K, committed 10752K, reserved 1048576K
}
Event: 19960.027 GC heap after
{Heap after GC invocations=2864 (full 5):
 PSYoungGen      total 4096K, used 352K [0x00000000d5580000, 0x00000000d5e80000, 0x0000000100000000)
  eden space 3584K, 0% used [0x00000000d5580000,0x00000000d5580000,0x00000000d5900000)
  from space 512K, 68% used [0x00000000d5e00000,0x00000000d5e58000,0x00000000d5e80000)
  to   space 512K, 0% used [0x00000000d5d80000,0x00000000d5d80000,0x00000000d5e00000)
 ParOldGen       total 1247232K, used 1247099K [0x0000000080000000, 0x00000000cc200000, 0x00000000d5580000)
  object space 1247232K, 99% used [0x0000000080000000,0x00000000cc1dee58,0x00000000cc200000)
 Metaspace       used 97709K, committed 99648K, reserved 1179648K
  class space    used 9883K, committed 10752K, reserved 1048576K
}
Event: 19960.865 GC heap before
{Heap before GC invocations=2865 (full 5):
 PSYoungGen      total 4096K, used 3936K [0x00000000d5580000, 0x00000000d5e80000, 0x0000000100000000)
  eden space 3584K, 100% used [0x00000000d5580000,0x00000000d5900000,0x00000000d5900000)
  from space 512K, 68% used [0x00000000d5e00000,0x00000000d5e58000,0x00000000d5e80000)
  to   space 512K, 0% used [0x00000000d5d80000,0x00000000d5d80000,0x00000000d5e00000)
 ParOldGen       total 1247232K, used 1247099K [0x0000000080000000, 0x00000000cc200000, 0x00000000d5580000)
  object space 1247232K, 99% used [0x0000000080000000,0x00000000cc1dee58,0x00000000cc200000)
 Metaspace       used 97718K, committed 99712K, reserved 1179648K
  class space    used 9883K, committed 10752K, reserved 1048576K
}
Event: 19960.872 GC heap after
{Heap after GC invocations=2865 (full 5):
 PSYoungGen      total 4096K, used 384K [0x00000000d5580000, 0x00000000d5e80000, 0x0000000100000000)
  eden space 3584K, 0% used [0x00000000d5580000,0x00000000d5580000,0x00000000d5900000)
  from space 512K, 75% used [0x00000000d5d80000,0x00000000d5de0000,0x00000000d5e00000)
  to   space 512K, 0% used [0x00000000d5e00000,0x00000000d5e00000,0x00000000d5e80000)
 ParOldGen       total 1247232K, used 1247131K [0x0000000080000000, 0x00000000cc200000, 0x00000000d5580000)
  object space 1247232K, 99% used [0x0000000080000000,0x00000000cc1e6e58,0x00000000cc200000)
 Metaspace       used 97718K, committed 99712K, reserved 1179648K
  class space    used 9883K, committed 10752K, reserved 1048576K
}
Event: 19968.926 GC heap before
{Heap before GC invocations=2866 (full 5):
 PSYoungGen      total 4096K, used 3968K [0x00000000d5580000, 0x00000000d5e80000, 0x0000000100000000)
  eden space 3584K, 100% used [0x00000000d5580000,0x00000000d5900000,0x00000000d5900000)
  from space 512K, 75% used [0x00000000d5d80000,0x00000000d5de0000,0x00000000d5e00000)
  to   space 512K, 0% used [0x00000000d5e00000,0x00000000d5e00000,0x00000000d5e80000)
 ParOldGen       total 1247232K, used 1247131K [0x0000000080000000, 0x00000000cc200000, 0x00000000d5580000)
  object space 1247232K, 99% used [0x0000000080000000,0x00000000cc1e6e58,0x00000000cc200000)
 Metaspace       used 97720K, committed 99712K, reserved 1179648K
  class space    used 9883K, committed 10752K, reserved 1048576K
}
Event: 19968.951 GC heap after
{Heap after GC invocations=2866 (full 5):
 PSYoungGen      total 4096K, used 320K [0x00000000d5580000, 0x00000000d5e80000, 0x0000000100000000)
  eden space 3584K, 0% used [0x00000000d5580000,0x00000000d5580000,0x00000000d5900000)
  from space 512K, 62% used [0x00000000d5e00000,0x00000000d5e50000,0x00000000d5e80000)
  to   space 512K, 0% used [0x00000000d5d80000,0x00000000d5d80000,0x00000000d5e00000)
 ParOldGen       total 1247232K, used 1247187K [0x0000000080000000, 0x00000000cc200000, 0x00000000d5580000)
  object space 1247232K, 99% used [0x0000000080000000,0x00000000cc1f4e58,0x00000000cc200000)
 Metaspace       used 97720K, committed 99712K, reserved 1179648K
  class space    used 9883K, committed 10752K, reserved 1048576K
}

